<?xml version="1.0" encoding="utf-8"?><testsuites name="pytest tests"><testsuite name="pytest" errors="0" failures="0" skipped="0" tests="7" time="3.294" timestamp="2026-06-24T01:12:11.900038+00:00" hostname="agent-env-9c4c2a6e-c2cf-4c81-81c6-42c17a5ffb17"><testcase classname="test_availability_schedule.TestAvailabilitySchedulePersistence" name="test_put_profile_persists_schedule_and_derives_availability" time="0.227" /><testcase classname="test_availability_schedule.TestAvailabilitySchedulePersistence" name="test_get_me_returns_schedule_after_put" time="0.134" /><testcase classname="test_availability_schedule.TestAvailabilitySchedulePersistence" name="test_get_public_user_returns_schedule" time="0.247" /><testcase classname="test_availability_schedule.TestAvailabilityMatching" name="test_full_week_schedule_then_remove_day_blocks_apply" time="1.875" /><testcase classname="test_availability_schedule.TestAvailabilityMatching" name="test_assign_blocked_when_day_removed" time="0.446" /><testcase classname="test_availability_schedule.TestProfileSaveDoesNotWipeSchedule" name="test_profile_save_without_availability_keeps_schedule" time="0.214" /><testcase classname="test_availability_schedule.TestRestoreSeed" name="test_restore_seed_schedule" time="0.115" /></testsuite></testsuites>