<?xml version="1.0" encoding="utf-8"?><testsuites name="pytest tests"><testsuite name="pytest" errors="0" failures="0" skipped="0" tests="11" time="3.993" timestamp="2026-06-23T07:13:02.336129+00:00" hostname="agent-env-9c4c2a6e-c2cf-4c81-81c6-42c17a5ffb17"><testcase classname="backend.tests.test_billing.TestBillingCheckout" name="test_checkout_requires_auth" time="0.485" /><testcase classname="backend.tests.test_billing.TestBillingCheckout" name="test_checkout_pro_creates_session" time="0.914" /><testcase classname="backend.tests.test_billing.TestBillingCheckout" name="test_checkout_business_creates_session" time="0.965" /><testcase classname="backend.tests.test_billing.TestBillingCheckout" name="test_checkout_invalid_tier_free" time="0.160" /><testcase classname="backend.tests.test_billing.TestBillingCheckout" name="test_checkout_invalid_tier_gold" time="0.095" /><testcase classname="backend.tests.test_billing.TestBillingCheckout" name="test_checkout_pro_reuses_price_lookup_key" time="0.580" /><testcase classname="backend.tests.test_billing.TestPaymentTransactionPersisted" name="test_status_requires_auth" time="0.093" /><testcase classname="backend.tests.test_billing.TestPaymentTransactionPersisted" name="test_status_pro_session_unpaid" time="0.246" /><testcase classname="backend.tests.test_billing.TestPaymentTransactionPersisted" name="test_status_business_session_unpaid" time="0.219" /><testcase classname="backend.tests.test_billing.TestSubscriptionRegression" name="test_free_downgrade_sets_ads_enabled" time="0.104" /><testcase classname="backend.tests.test_billing.TestSubscriptionRegression" name="test_admin_resolves_business_no_ads" time="0.094" /></testsuite></testsuites>