<?xml version="1.0" encoding="utf-8"?><testsuites name="pytest tests"><testsuite name="pytest" errors="0" failures="0" skipped="0" tests="14" time="4.833" timestamp="2026-06-26T03:10:55.591558+00:00" hostname="agent-env-9c4c2a6e-c2cf-4c81-81c6-42c17a5ffb17"><testcase classname="backend.tests.test_billing.TestFoundingStatus" name="test_founding_status_shape" time="0.202" /><testcase classname="backend.tests.test_billing.TestCheckoutAuth" name="test_checkout_requires_auth" time="0.313" /><testcase classname="backend.tests.test_billing.TestCheckoutNewTiers" name="test_checkout_creates_session_and_persists_amount[founding]" time="1.187" /><testcase classname="backend.tests.test_billing.TestCheckoutNewTiers" name="test_checkout_creates_session_and_persists_amount[professional]" time="0.427" /><testcase classname="backend.tests.test_billing.TestCheckoutNewTiers" name="test_checkout_creates_session_and_persists_amount[enterprise]" time="0.942" /><testcase classname="backend.tests.test_billing.TestCheckoutInvalidTiers" name="test_invalid_tier_returns_422[free]" time="0.098" /><testcase classname="backend.tests.test_billing.TestCheckoutInvalidTiers" name="test_invalid_tier_returns_422[pro]" time="0.136" /><testcase classname="backend.tests.test_billing.TestCheckoutInvalidTiers" name="test_invalid_tier_returns_422[business]" time="0.094" /><testcase classname="backend.tests.test_billing.TestCheckoutInvalidTiers" name="test_invalid_tier_returns_422[gold]" time="0.151" /><testcase classname="backend.tests.test_billing.TestCheckoutInvalidTiers" name="test_invalid_tier_returns_422[premium]" time="0.102" /><testcase classname="backend.tests.test_billing.TestBillingStatusUnpaid" name="test_status_unpaid_does_not_crash" time="0.205" /><testcase classname="backend.tests.test_billing.TestBillingStatusUnpaid" name="test_status_requires_auth" time="0.109" /><testcase classname="backend.tests.test_billing.TestFoundingCap" name="test_spots_left_zero_when_capped" time="0.098" /><testcase classname="backend.tests.test_billing.TestFoundingCap" name="test_checkout_founding_returns_409_when_capped" time="0.663" /></testsuite></testsuites>