<?xml version="1.0" encoding="utf-8"?><testsuites name="pytest tests"><testsuite name="pytest" errors="0" failures="0" skipped="0" tests="71" time="56.104" timestamp="2026-06-23T07:31:27.935102+00:00" hostname="agent-env-9c4c2a6e-c2cf-4c81-81c6-42c17a5ffb17"><testcase classname="backend.tests.test_auto_abodes.TestAuth" name="test_register_company_owner" time="0.111" /><testcase classname="backend.tests.test_auto_abodes.TestAuth" name="test_register_cleaner" time="0.089" /><testcase classname="backend.tests.test_auto_abodes.TestAuth" name="test_register_client" time="0.096" /><testcase classname="backend.tests.test_auto_abodes.TestAuth" name="test_register_owner_cleaner" time="0.094" /><testcase classname="backend.tests.test_auto_abodes.TestAuth" name="test_register_duplicate" time="0.097" /><testcase classname="backend.tests.test_auto_abodes.TestAuth" name="test_login_returns_token_and_user" time="0.090" /><testcase classname="backend.tests.test_auto_abodes.TestAuth" name="test_login_bad_password" time="0.094" /><testcase classname="backend.tests.test_auto_abodes.TestAuth" name="test_me_with_bearer" time="0.121" /><testcase classname="backend.tests.test_auto_abodes.TestAuth" name="test_me_unauthorized" time="0.097" /><testcase classname="backend.tests.test_auto_abodes.TestAdmin" name="test_admin_auto_upgrade" time="0.188" /><testcase classname="backend.tests.test_auto_abodes.TestSubscription" name="test_upgrade_to_pro" time="0.095" /><testcase classname="backend.tests.test_auto_abodes.TestSubscription" name="test_upgrade_to_business" time="0.088" /><testcase classname="backend.tests.test_auto_abodes.TestSubscription" name="test_downgrade_to_free_re_enables_ads" time="0.095" /><testcase classname="backend.tests.test_auto_abodes.TestProfile" name="test_update_cleaner_profile" time="0.180" /><testcase classname="backend.tests.test_auto_abodes.TestJobs" name="test_cleaner_cannot_post_job" time="0.100" /><testcase classname="backend.tests.test_auto_abodes.TestJobs" name="test_owner_creates_job" time="0.170" /><testcase classname="backend.tests.test_auto_abodes.TestJobs" name="test_owner_creates_job_no_quals" time="0.161" /><testcase classname="backend.tests.test_auto_abodes.TestJobs" name="test_owner_creates_high_qual_job" time="0.165" /><testcase classname="backend.tests.test_auto_abodes.TestJobs" name="test_scope_mine" time="0.089" /><testcase classname="backend.tests.test_auto_abodes.TestJobs" name="test_scope_available_filters_by_qualifications" time="0.097" /><testcase classname="backend.tests.test_auto_abodes.TestJobs" name="test_cleaner_without_quals_cannot_apply" time="0.096" /><testcase classname="backend.tests.test_auto_abodes.TestJobs" name="test_cleaner_auto_accept_assigns" time="0.206" /><testcase classname="backend.tests.test_auto_abodes.TestJobs" name="test_apply_then_assign_manual" time="0.478" /><testcase classname="backend.tests.test_auto_abodes.TestJobs" name="test_scope_assigned" time="0.094" /><testcase classname="backend.tests.test_auto_abodes.TestJobs" name="test_checkin_only_assigned" time="0.198" /><testcase classname="backend.tests.test_auto_abodes.TestJobs" name="test_complete_fails_when_incomplete" time="0.099" /><testcase classname="backend.tests.test_auto_abodes.TestJobs" name="test_checklist_and_complete" time="1.402" /><testcase classname="backend.tests.test_auto_abodes.TestJobs" name="test_stats_reflects_logged_hours" time="0.101" /><testcase classname="backend.tests.test_auto_abodes.TestChat" name="test_create_conversation_and_messages" time="0.475" /><testcase classname="backend.tests.test_auto_abodes.TestUsers" name="test_list_users_excludes_self" time="0.091" /><testcase classname="backend.tests.test_billing.TestBillingCheckout" name="test_checkout_requires_auth" time="0.283" /><testcase classname="backend.tests.test_billing.TestBillingCheckout" name="test_checkout_pro_creates_session" time="0.697" /><testcase classname="backend.tests.test_billing.TestBillingCheckout" name="test_checkout_business_creates_session" time="0.569" /><testcase classname="backend.tests.test_billing.TestBillingCheckout" name="test_checkout_invalid_tier_free" time="0.093" /><testcase classname="backend.tests.test_billing.TestBillingCheckout" name="test_checkout_invalid_tier_gold" time="0.095" /><testcase classname="backend.tests.test_billing.TestBillingCheckout" name="test_checkout_pro_reuses_price_lookup_key" time="0.524" /><testcase classname="backend.tests.test_billing.TestPaymentTransactionPersisted" name="test_status_requires_auth" time="0.094" /><testcase classname="backend.tests.test_billing.TestPaymentTransactionPersisted" name="test_status_pro_session_unpaid" time="0.227" /><testcase classname="backend.tests.test_billing.TestPaymentTransactionPersisted" name="test_status_business_session_unpaid" time="0.192" /><testcase classname="backend.tests.test_billing.TestSubscriptionRegression" name="test_free_downgrade_sets_ads_enabled" time="0.090" /><testcase classname="backend.tests.test_billing.TestSubscriptionRegression" name="test_admin_resolves_business_no_ads" time="0.094" /><testcase classname="backend.tests.test_reviews.TestReviewValidation" name="test_review_blocked_when_job_not_completed" time="0.937" /><testcase classname="backend.tests.test_reviews.TestReviewValidation" name="test_complete_job_via_status_endpoint" time="0.192" /><testcase classname="backend.tests.test_reviews.TestReviewValidation" name="test_review_blocked_for_non_poster" time="0.096" /><testcase classname="backend.tests.test_reviews.TestReviewValidation" name="test_review_blocked_for_unassigned_cleaner" time="0.101" /><testcase classname="backend.tests.test_reviews.TestReviewValidation" name="test_review_rating_out_of_range" time="0.404" /><testcase classname="backend.tests.test_reviews.TestReviewValidation" name="test_review_requires_auth" time="0.085" /><testcase classname="backend.tests.test_reviews.TestReviewHappyPath" name="test_first_review_updates_aggregate" time="0.096" /><testcase classname="backend.tests.test_reviews.TestReviewHappyPath" name="test_second_review_same_triplet_is_upsert_not_duplicate" time="0.090" /><testcase classname="backend.tests.test_reviews.TestReviewHappyPath" name="test_reviews_endpoint_returns_payload_shape" time="0.093" /><testcase classname="backend.tests.test_reviews.TestReviewHappyPath" name="test_two_distinct_reviewers_average" time="1.104" /><testcase classname="backend.tests.test_reviews.TestAggregateExposed" name="test_users_list_includes_rating_fields" time="0.099" /><testcase classname="backend.tests.test_reviews.TestAggregateExposed" name="test_get_job_assigned_cleaners_info_has_rating" time="0.094" /><testcase classname="backend.tests.test_reviews.TestAggregateExposed" name="test_get_job_applicants_info_has_rating" time="0.432" /><testcase classname="backend.tests.test_reviews.TestEndToEnd" name="test_full_owner_post_cleaner_apply_complete_review_flow" time="0.830" /><testcase classname="backend.tests.test_round2_features.TestGeocoding" name="test_geocode_known_address" time="0.448" /><testcase classname="backend.tests.test_round2_features.TestGeocoding" name="test_geocode_unknown_address" time="0.153" /><testcase classname="backend.tests.test_round2_features.TestGeocoding" name="test_post_job_auto_geocodes" time="0.156" /><testcase classname="backend.tests.test_round2_features.TestJobStatus" name="test_status_in_progress_sets_checked_in" time="0.243" /><testcase classname="backend.tests.test_round2_features.TestJobStatus" name="test_status_completed_sets_completed_at" time="0.090" /><testcase classname="backend.tests.test_round2_features.TestJobStatus" name="test_status_cancelled" time="0.264" /><testcase classname="backend.tests.test_round2_features.TestJobStatus" name="test_status_non_poster_403" time="0.238" /><testcase classname="backend.tests.test_round2_features.TestJobStatus" name="test_status_admin_can_override" time="0.255" /><testcase classname="backend.tests.test_round2_features.TestJobStatus" name="test_status_invalid_value" time="0.274" /><testcase classname="backend.tests.test_round2_features.TestDeleteJob" name="test_delete_by_non_poster_403" time="36.476" /><testcase classname="backend.tests.test_round2_features.TestDeleteJob" name="test_delete_by_poster" time="0.379" /><testcase classname="backend.tests.test_round2_features.TestDeleteJob" name="test_delete_by_admin" time="0.342" /><testcase classname="backend.tests.test_round2_features.TestTeams" name="test_create_team" time="0.097" /><testcase classname="backend.tests.test_round2_features.TestTeams" name="test_my_teams_lists_with_members_info" time="3.183" /><testcase classname="backend.tests.test_round2_features.TestTeams" name="test_add_member" time="0.189" /><testcase classname="backend.tests.test_round2_features.TestTeams" name="test_add_member_non_owner_403" time="0.091" /></testsuite></testsuites>