<?xml version="1.0" encoding="utf-8"?><testsuites name="pytest tests"><testsuite name="pytest" errors="13" failures="9" skipped="0" tests="97" time="54.901" timestamp="2026-06-23T08:37:57.090052+00:00" hostname="agent-env-9c4c2a6e-c2cf-4c81-81c6-42c17a5ffb17"><testcase classname="tests.test_auto_abodes.TestAuth" name="test_register_company_owner" time="0.138" /><testcase classname="tests.test_auto_abodes.TestAuth" name="test_register_cleaner" time="0.094" /><testcase classname="tests.test_auto_abodes.TestAuth" name="test_register_client" time="0.096" /><testcase classname="tests.test_auto_abodes.TestAuth" name="test_register_owner_cleaner" time="0.092" /><testcase classname="tests.test_auto_abodes.TestAuth" name="test_register_duplicate" time="0.091" /><testcase classname="tests.test_auto_abodes.TestAuth" name="test_login_returns_token_and_user" time="0.091" /><testcase classname="tests.test_auto_abodes.TestAuth" name="test_login_bad_password" time="0.101" /><testcase classname="tests.test_auto_abodes.TestAuth" name="test_me_with_bearer" time="0.098" /><testcase classname="tests.test_auto_abodes.TestAuth" name="test_me_unauthorized" time="0.094" /><testcase classname="tests.test_auto_abodes.TestAdmin" name="test_admin_auto_upgrade" time="0.192" /><testcase classname="tests.test_auto_abodes.TestSubscription" name="test_upgrade_to_pro" time="0.095" /><testcase classname="tests.test_auto_abodes.TestSubscription" name="test_upgrade_to_business" time="0.091" /><testcase classname="tests.test_auto_abodes.TestSubscription" name="test_downgrade_to_free_re_enables_ads" time="0.095" /><testcase classname="tests.test_auto_abodes.TestProfile" name="test_update_cleaner_profile" time="0.191" /><testcase classname="tests.test_auto_abodes.TestJobs" name="test_cleaner_cannot_post_job" time="0.091" /><testcase classname="tests.test_auto_abodes.TestJobs" name="test_owner_creates_job" time="0.413" /><testcase classname="tests.test_auto_abodes.TestJobs" name="test_owner_creates_job_no_quals" time="0.158" /><testcase classname="tests.test_auto_abodes.TestJobs" name="test_owner_creates_high_qual_job" time="0.151" /><testcase classname="tests.test_auto_abodes.TestJobs" name="test_scope_mine" time="0.096" /><testcase classname="tests.test_auto_abodes.TestJobs" name="test_scope_available_filters_by_qualifications" time="0.095" /><testcase classname="tests.test_auto_abodes.TestJobs" name="test_cleaner_without_quals_cannot_apply" time="0.092"><failure message="assert 400 == 403&#10; +  where 400 = &lt;Response [400]&gt;.status_code">E   assert 400 == 403
     +  where 400 = &lt;Response [400]&gt;.status_code</failure></testcase><testcase classname="tests.test_auto_abodes.TestJobs" name="test_cleaner_auto_accept_assigns" time="0.095"><failure message="AssertionError: {&quot;detail&quot;:&quot;Complete your profile: add an experience summary, at least 10 work photos, and your availability before applying&quot;}&#10;assert 400 == 200&#10; +  where 400 = &lt;Response [400]&gt;.status_code">E   AssertionError: {"detail":"Complete your profile: add an experience summary, at least 10 work photos, and your availability before applying"}
    assert 400 == 200
     +  where 400 = &lt;Response [400]&gt;.status_code</failure></testcase><testcase classname="tests.test_auto_abodes.TestJobs" name="test_apply_then_assign_manual" time="0.274"><failure message="assert 400 == 200&#10; +  where 400 = &lt;Response [400]&gt;.status_code">E   assert 400 == 200
     +  where 400 = &lt;Response [400]&gt;.status_code</failure></testcase><testcase classname="tests.test_auto_abodes.TestJobs" name="test_scope_assigned" time="0.088"><failure message="AssertionError: assert 'job_7cec7c55d3cb' in []">E   AssertionError: assert 'job_7cec7c55d3cb' in []</failure></testcase><testcase classname="tests.test_auto_abodes.TestJobs" name="test_checkin_only_assigned" time="0.188"><failure message="AssertionError: {&quot;detail&quot;:&quot;Not assigned to this job&quot;}&#10;assert 403 == 200&#10; +  where 403 = &lt;Response [403]&gt;.status_code">E   AssertionError: {"detail":"Not assigned to this job"}
    assert 403 == 200
     +  where 403 = &lt;Response [403]&gt;.status_code</failure></testcase><testcase classname="tests.test_auto_abodes.TestJobs" name="test_complete_fails_when_incomplete" time="0.096"><failure message="assert 403 == 400&#10; +  where 403 = &lt;Response [403]&gt;.status_code">E   assert 403 == 400
     +  where 403 = &lt;Response [403]&gt;.status_code</failure></testcase><testcase classname="tests.test_auto_abodes.TestJobs" name="test_checklist_and_complete" time="0.193"><failure message="AssertionError: {&quot;detail&quot;:&quot;Not assigned to this job&quot;}&#10;assert 403 == 200&#10; +  where 403 = &lt;Response [403]&gt;.status_code">E   AssertionError: {"detail":"Not assigned to this job"}
    assert 403 == 200
     +  where 403 = &lt;Response [403]&gt;.status_code</failure></testcase><testcase classname="tests.test_auto_abodes.TestJobs" name="test_stats_reflects_logged_hours" time="0.092"><failure message="assert 0 &gt;= 1">E   assert 0 &gt;= 1</failure></testcase><testcase classname="tests.test_auto_abodes.TestChat" name="test_create_conversation_and_messages" time="0.507" /><testcase classname="tests.test_auto_abodes.TestUsers" name="test_list_users_excludes_self" time="0.103" /><testcase classname="tests.test_billing.TestBillingCheckout" name="test_checkout_requires_auth" time="0.284" /><testcase classname="tests.test_billing.TestBillingCheckout" name="test_checkout_pro_creates_session" time="0.835" /><testcase classname="tests.test_billing.TestBillingCheckout" name="test_checkout_business_creates_session" time="0.650" /><testcase classname="tests.test_billing.TestBillingCheckout" name="test_checkout_invalid_tier_free" time="0.091" /><testcase classname="tests.test_billing.TestBillingCheckout" name="test_checkout_invalid_tier_gold" time="0.102" /><testcase classname="tests.test_billing.TestBillingCheckout" name="test_checkout_pro_reuses_price_lookup_key" time="0.558" /><testcase classname="tests.test_billing.TestPaymentTransactionPersisted" name="test_status_requires_auth" time="0.091" /><testcase classname="tests.test_billing.TestPaymentTransactionPersisted" name="test_status_pro_session_unpaid" time="0.212" /><testcase classname="tests.test_billing.TestPaymentTransactionPersisted" name="test_status_business_session_unpaid" time="0.206" /><testcase classname="tests.test_billing.TestSubscriptionRegression" name="test_free_downgrade_sets_ads_enabled" time="0.117" /><testcase classname="tests.test_billing.TestSubscriptionRegression" name="test_admin_resolves_business_no_ads" time="0.093" /><testcase classname="tests.test_reviews.TestReviewValidation" name="test_review_blocked_when_job_not_completed" time="37.397"><error message="failed on setup with &quot;AssertionError: {&quot;detail&quot;:&quot;Complete your profile: add an experience summary, at least 10 work photos, and your availability before applying&quot;}&#10;assert 400 == 200&#10; +  where 400 = &lt;Response [400]&gt;.status_code&quot;">E   AssertionError: {"detail":"Complete your profile: add an experience summary, at least 10 work photos, and your availability before applying"}
    assert 400 == 200
     +  where 400 = &lt;Response [400]&gt;.status_code</error></testcase><testcase classname="tests.test_reviews.TestReviewValidation" name="test_complete_job_via_status_endpoint" time="0.000"><error message="failed on setup with &quot;AssertionError: {&quot;detail&quot;:&quot;Complete your profile: add an experience summary, at least 10 work photos, and your availability before applying&quot;}&#10;assert 400 == 200&#10; +  where 400 = &lt;Response [400]&gt;.status_code&quot;">E   AssertionError: {"detail":"Complete your profile: add an experience summary, at least 10 work photos, and your availability before applying"}
    assert 400 == 200
     +  where 400 = &lt;Response [400]&gt;.status_code</error></testcase><testcase classname="tests.test_reviews.TestReviewValidation" name="test_review_blocked_for_non_poster" time="0.000"><error message="failed on setup with &quot;AssertionError: {&quot;detail&quot;:&quot;Complete your profile: add an experience summary, at least 10 work photos, and your availability before applying&quot;}&#10;assert 400 == 200&#10; +  where 400 = &lt;Response [400]&gt;.status_code&quot;">E   AssertionError: {"detail":"Complete your profile: add an experience summary, at least 10 work photos, and your availability before applying"}
    assert 400 == 200
     +  where 400 = &lt;Response [400]&gt;.status_code</error></testcase><testcase classname="tests.test_reviews.TestReviewValidation" name="test_review_blocked_for_unassigned_cleaner" time="0.000"><error message="failed on setup with &quot;AssertionError: {&quot;detail&quot;:&quot;Complete your profile: add an experience summary, at least 10 work photos, and your availability before applying&quot;}&#10;assert 400 == 200&#10; +  where 400 = &lt;Response [400]&gt;.status_code&quot;">E   AssertionError: {"detail":"Complete your profile: add an experience summary, at least 10 work photos, and your availability before applying"}
    assert 400 == 200
     +  where 400 = &lt;Response [400]&gt;.status_code</error></testcase><testcase classname="tests.test_reviews.TestReviewValidation" name="test_review_rating_out_of_range" time="0.000"><error message="failed on setup with &quot;AssertionError: {&quot;detail&quot;:&quot;Complete your profile: add an experience summary, at least 10 work photos, and your availability before applying&quot;}&#10;assert 400 == 200&#10; +  where 400 = &lt;Response [400]&gt;.status_code&quot;">E   AssertionError: {"detail":"Complete your profile: add an experience summary, at least 10 work photos, and your availability before applying"}
    assert 400 == 200
     +  where 400 = &lt;Response [400]&gt;.status_code</error></testcase><testcase classname="tests.test_reviews.TestReviewValidation" name="test_review_requires_auth" time="0.000"><error message="failed on setup with &quot;AssertionError: {&quot;detail&quot;:&quot;Complete your profile: add an experience summary, at least 10 work photos, and your availability before applying&quot;}&#10;assert 400 == 200&#10; +  where 400 = &lt;Response [400]&gt;.status_code&quot;">E   AssertionError: {"detail":"Complete your profile: add an experience summary, at least 10 work photos, and your availability before applying"}
    assert 400 == 200
     +  where 400 = &lt;Response [400]&gt;.status_code</error></testcase><testcase classname="tests.test_reviews.TestReviewHappyPath" name="test_first_review_updates_aggregate" time="0.000"><error message="failed on setup with &quot;AssertionError: {&quot;detail&quot;:&quot;Complete your profile: add an experience summary, at least 10 work photos, and your availability before applying&quot;}&#10;assert 400 == 200&#10; +  where 400 = &lt;Response [400]&gt;.status_code&quot;">E   AssertionError: {"detail":"Complete your profile: add an experience summary, at least 10 work photos, and your availability before applying"}
    assert 400 == 200
     +  where 400 = &lt;Response [400]&gt;.status_code</error></testcase><testcase classname="tests.test_reviews.TestReviewHappyPath" name="test_second_review_same_triplet_is_upsert_not_duplicate" time="0.000"><error message="failed on setup with &quot;AssertionError: {&quot;detail&quot;:&quot;Complete your profile: add an experience summary, at least 10 work photos, and your availability before applying&quot;}&#10;assert 400 == 200&#10; +  where 400 = &lt;Response [400]&gt;.status_code&quot;">E   AssertionError: {"detail":"Complete your profile: add an experience summary, at least 10 work photos, and your availability before applying"}
    assert 400 == 200
     +  where 400 = &lt;Response [400]&gt;.status_code</error></testcase><testcase classname="tests.test_reviews.TestReviewHappyPath" name="test_reviews_endpoint_returns_payload_shape" time="0.000"><error message="failed on setup with &quot;AssertionError: {&quot;detail&quot;:&quot;Complete your profile: add an experience summary, at least 10 work photos, and your availability before applying&quot;}&#10;assert 400 == 200&#10; +  where 400 = &lt;Response [400]&gt;.status_code&quot;">E   AssertionError: {"detail":"Complete your profile: add an experience summary, at least 10 work photos, and your availability before applying"}
    assert 400 == 200
     +  where 400 = &lt;Response [400]&gt;.status_code</error></testcase><testcase classname="tests.test_reviews.TestReviewHappyPath" name="test_two_distinct_reviewers_average" time="0.000"><error message="failed on setup with &quot;AssertionError: {&quot;detail&quot;:&quot;Complete your profile: add an experience summary, at least 10 work photos, and your availability before applying&quot;}&#10;assert 400 == 200&#10; +  where 400 = &lt;Response [400]&gt;.status_code&quot;">E   AssertionError: {"detail":"Complete your profile: add an experience summary, at least 10 work photos, and your availability before applying"}
    assert 400 == 200
     +  where 400 = &lt;Response [400]&gt;.status_code</error></testcase><testcase classname="tests.test_reviews.TestAggregateExposed" name="test_users_list_includes_rating_fields" time="0.000"><error message="failed on setup with &quot;AssertionError: {&quot;detail&quot;:&quot;Complete your profile: add an experience summary, at least 10 work photos, and your availability before applying&quot;}&#10;assert 400 == 200&#10; +  where 400 = &lt;Response [400]&gt;.status_code&quot;">E   AssertionError: {"detail":"Complete your profile: add an experience summary, at least 10 work photos, and your availability before applying"}
    assert 400 == 200
     +  where 400 = &lt;Response [400]&gt;.status_code</error></testcase><testcase classname="tests.test_reviews.TestAggregateExposed" name="test_get_job_assigned_cleaners_info_has_rating" time="0.000"><error message="failed on setup with &quot;AssertionError: {&quot;detail&quot;:&quot;Complete your profile: add an experience summary, at least 10 work photos, and your availability before applying&quot;}&#10;assert 400 == 200&#10; +  where 400 = &lt;Response [400]&gt;.status_code&quot;">E   AssertionError: {"detail":"Complete your profile: add an experience summary, at least 10 work photos, and your availability before applying"}
    assert 400 == 200
     +  where 400 = &lt;Response [400]&gt;.status_code</error></testcase><testcase classname="tests.test_reviews.TestAggregateExposed" name="test_get_job_applicants_info_has_rating" time="0.000"><error message="failed on setup with &quot;AssertionError: {&quot;detail&quot;:&quot;Complete your profile: add an experience summary, at least 10 work photos, and your availability before applying&quot;}&#10;assert 400 == 200&#10; +  where 400 = &lt;Response [400]&gt;.status_code&quot;">E   AssertionError: {"detail":"Complete your profile: add an experience summary, at least 10 work photos, and your availability before applying"}
    assert 400 == 200
     +  where 400 = &lt;Response [400]&gt;.status_code</error></testcase><testcase classname="tests.test_reviews.TestEndToEnd" name="test_full_owner_post_cleaner_apply_complete_review_flow" time="0.522"><failure message="AssertionError: {&quot;detail&quot;:&quot;Complete your profile: add an experience summary, at least 10 work photos, and your availability before applying&quot;}&#10;assert 400 == 200&#10; +  where 400 = &lt;Response [400]&gt;.status_code">E   AssertionError: {"detail":"Complete your profile: add an experience summary, at least 10 work photos, and your availability before applying"}
    assert 400 == 200
     +  where 400 = &lt;Response [400]&gt;.status_code</failure></testcase><testcase classname="tests.test_round2_features.TestGeocoding" name="test_geocode_known_address" time="0.978" /><testcase classname="tests.test_round2_features.TestGeocoding" name="test_geocode_unknown_address" time="0.344" /><testcase classname="tests.test_round2_features.TestGeocoding" name="test_post_job_auto_geocodes" time="0.152" /><testcase classname="tests.test_round2_features.TestJobStatus" name="test_status_in_progress_sets_checked_in" time="1.634" /><testcase classname="tests.test_round2_features.TestJobStatus" name="test_status_completed_sets_completed_at" time="0.096" /><testcase classname="tests.test_round2_features.TestJobStatus" name="test_status_cancelled" time="0.272" /><testcase classname="tests.test_round2_features.TestJobStatus" name="test_status_non_poster_403" time="0.260" /><testcase classname="tests.test_round2_features.TestJobStatus" name="test_status_admin_can_override" time="0.239" /><testcase classname="tests.test_round2_features.TestJobStatus" name="test_status_invalid_value" time="0.252" /><testcase classname="tests.test_round2_features.TestDeleteJob" name="test_delete_by_non_poster_403" time="0.347" /><testcase classname="tests.test_round2_features.TestDeleteJob" name="test_delete_by_poster" time="0.362" /><testcase classname="tests.test_round2_features.TestDeleteJob" name="test_delete_by_admin" time="0.359" /><testcase classname="tests.test_round2_features.TestTeams" name="test_create_team" time="0.094" /><testcase classname="tests.test_round2_features.TestTeams" name="test_my_teams_lists_with_members_info" time="0.095" /><testcase classname="tests.test_round2_features.TestTeams" name="test_add_member" time="0.204" /><testcase classname="tests.test_round2_features.TestTeams" name="test_add_member_non_owner_403" time="0.102" /><testcase classname="tests.test_round5_session.TestDriverMode" name="test_driver_status_online" time="0.202" /><testcase classname="tests.test_round5_session.TestDriverMode" name="test_driver_earnings_shape" time="0.094" /><testcase classname="tests.test_round5_session.TestDriverMode" name="test_driver_offers_returns_nearby" time="0.112" /><testcase classname="tests.test_round5_session.TestDriverMode" name="test_owner_cannot_view_offers" time="0.181" /><testcase classname="tests.test_round5_session.TestDriverMode" name="test_driver_decline_hides_offer" time="0.298" /><testcase classname="tests.test_round5_session.TestDriverMode" name="test_grab_atomic_409_on_second" time="0.287" /><testcase classname="tests.test_round5_session.TestDriverMode" name="test_driver_status_offline" time="0.096" /><testcase classname="tests.test_round5_session.TestClientList" name="test_owner_clients_grouped" time="0.092" /><testcase classname="tests.test_round5_session.TestClientList" name="test_cleaner_sees_companies" time="0.093" /><testcase classname="tests.test_round5_session.TestClientList" name="test_notes_upsert_persists" time="0.273" /><testcase classname="tests.test_round5_session.TestOnboarding" name="test_owner_creates_quiz" time="0.091" /><testcase classname="tests.test_round5_session.TestOnboarding" name="test_owner_creates_doc" time="0.089" /><testcase classname="tests.test_round5_session.TestOnboarding" name="test_cleaner_blocked_from_creating" time="0.087" /><testcase classname="tests.test_round5_session.TestOnboarding" name="test_cleaner_list_hides_answers" time="0.097" /><testcase classname="tests.test_round5_session.TestOnboarding" name="test_owner_list_shows_answers" time="0.097" /><testcase classname="tests.test_round5_session.TestOnboarding" name="test_cleaner_complete_quiz_scoring" time="0.105" /><testcase classname="tests.test_round5_session.TestOnboarding" name="test_cleaner_complete_doc" time="0.092" /><testcase classname="tests.test_round5_session.TestOnboarding" name="test_list_reflects_progress" time="0.092" /><testcase classname="tests.test_round5_session.TestFeedbackLinks" name="test_owner_can_generate_link" time="0.463" /><testcase classname="tests.test_round5_session.TestFeedbackLinks" name="test_non_owner_cannot_generate_link" time="0.092" /><testcase classname="tests.test_round5_session.TestFeedbackLinks" name="test_public_get_no_auth" time="0.089" /><testcase classname="tests.test_round5_session.TestFeedbackLinks" name="test_public_get_invalid_token" time="0.090" /><testcase classname="tests.test_round5_session.TestFeedbackLinks" name="test_public_post_submit" time="0.090" /><testcase classname="tests.test_round5_session.TestFeedbackLinks" name="test_public_get_reflects_submission" time="0.085" /><testcase classname="tests.test_round5_session.TestFeedbackLinks" name="test_job_detail_has_client_feedback" time="0.100" /><testcase classname="tests.test_round5_session.TestFeedbackLinks" name="test_rating_validation_out_of_range" time="0.090" /></testsuite></testsuites>