<?xml version="1.0" encoding="utf-8"?><testsuites name="pytest tests"><testsuite name="pytest" errors="0" failures="0" skipped="0" tests="8" time="2.519" timestamp="2026-07-01T09:32:59.372923+00:00" hostname="agent-env-9c4c2a6e-c2cf-4c81-81c6-42c17a5ffb17"><testcase classname="backend.tests.test_group_c_theme_ops_color.TestProfileCompanyColor" name="test_set_company_color_returns_updated_user" time="0.363" /><testcase classname="backend.tests.test_group_c_theme_ops_color.TestProfileCompanyColor" name="test_get_profile_reflects_saved_color" time="0.099" /><testcase classname="backend.tests.test_group_c_theme_ops_color.TestProfileCompanyColor" name="test_clear_company_color_falls_back" time="0.094" /><testcase classname="backend.tests.test_group_c_theme_ops_color.TestJobsEnrichment" name="test_owner_custom_color_applied_to_jobs" time="0.200" /><testcase classname="backend.tests.test_group_c_theme_ops_color.TestJobsEnrichment" name="test_auto_color_used_when_empty" time="0.204" /><testcase classname="backend.tests.test_group_c_theme_ops_color.TestJobsEnrichment" name="test_cleaner_sees_company_color_on_assigned_jobs" time="0.204" /><testcase classname="backend.tests.test_group_c_theme_ops_color.TestJobCreateRegression" name="test_owner_creates_job_and_it_has_company_color" time="0.974" /><testcase classname="backend.tests.test_group_c_theme_ops_color.TestPaletteBounds" name="test_owner_auto_color_is_in_palette" time="0.343" /></testsuite></testsuites>