<?xml version="1.0" encoding="utf-8"?><testsuites name="pytest tests"><testsuite name="pytest" errors="0" failures="0" skipped="1" tests="10" time="9.075" timestamp="2026-07-01T07:40:03.024017+00:00" hostname="agent-env-9c4c2a6e-c2cf-4c81-81c6-42c17a5ffb17"><testcase classname="backend.tests.test_group_a.TestUnassignAndAssignSelf" name="test_assign_self_and_unassign" time="0.579" /><testcase classname="backend.tests.test_group_a.TestUnassignAndAssignSelf" name="test_unassign_not_authorized" time="0.452" /><testcase classname="backend.tests.test_group_a.TestMoveOutChecklist" name="test_move_out_yields_14_items" time="0.163" /><testcase classname="backend.tests.test_group_a.TestMandatoryDocs" name="test_apply_blocked_without_docs_then_unblocked" time="0.645" /><testcase classname="backend.tests.test_group_a.TestChecklistTemplates" name="test_list_get_returns_4_types_with_custom_flag" time="0.099" /><testcase classname="backend.tests.test_group_a.TestChecklistTemplates" name="test_put_saves_custom_and_delete_resets" time="0.547" /><testcase classname="backend.tests.test_group_a.TestChecklistTemplates" name="test_non_owner_forbidden" time="0.096" /><testcase classname="backend.tests.test_group_a.TestPublicBooking" name="test_public_info_and_create_no_auth" time="0.379" /><testcase classname="backend.tests.test_group_a.TestPublicBooking" name="test_public_info_unknown_owner_404" time="0.098" /><testcase classname="backend.tests.test_group_a.TestAnomalyDetection" name="test_anomaly_on_complete_job" time="5.973"><skipped type="pytest.skip" message="anomaly not set — insufficient historical data or dedupe logic">/app/backend/tests/test_group_a.py:308: anomaly not set — insufficient historical data or dedupe logic</skipped></testcase></testsuite></testsuites>