<?xml version="1.0" encoding="utf-8"?><testsuites name="pytest tests"><testsuite name="pytest" errors="0" failures="0" skipped="0" tests="8" time="4.603" timestamp="2026-07-01T08:11:29.758873+00:00" hostname="agent-env-9c4c2a6e-c2cf-4c81-81c6-42c17a5ffb17"><testcase classname="backend.tests.test_group_b_sms.TestTwilioStatus" name="test_status_owner_configured_false" time="0.336" /><testcase classname="backend.tests.test_group_b_sms.TestTwilioStatus" name="test_status_requires_auth" time="0.103" /><testcase classname="backend.tests.test_group_b_sms.TestTwilioTestEndpoint" name="test_send_test_returns_400_when_unconfigured" time="0.100" /><testcase classname="backend.tests.test_group_b_sms.TestTwilioTestEndpoint" name="test_send_test_cleaner_forbidden" time="0.231" /><testcase classname="backend.tests.test_group_b_sms.TestClientPhonePersists" name="test_create_job_with_client_phone" time="0.740" /><testcase classname="backend.tests.test_group_b_sms.TestGracefulDegradation" name="test_enroute_succeeds_when_sms_unconfigured" time="0.851" /><testcase classname="backend.tests.test_group_b_sms.TestGracefulDegradation" name="test_complete_succeeds_when_sms_unconfigured" time="1.294" /><testcase classname="backend.tests.test_group_b_sms.TestEnrouteAuth" name="test_enroute_non_assigned_403" time="0.911" /></testsuite></testsuites>