<?xml version="1.0" encoding="utf-8"?><testsuites name="pytest tests"><testsuite name="pytest" errors="0" failures="0" skipped="0" tests="9" time="3.287" timestamp="2026-06-23T09:09:06.199594+00:00" hostname="agent-env-9c4c2a6e-c2cf-4c81-81c6-42c17a5ffb17"><testcase classname="tests.test_live_tracking.TestTrackingLifecycle" name="test_enroute_by_assigned_cleaner" time="0.529" /><testcase classname="tests.test_live_tracking.TestTrackingLifecycle" name="test_location_ping_updates_position" time="0.091" /><testcase classname="tests.test_live_tracking.TestTrackingLifecycle" name="test_enroute_rejects_non_assigned_user_403" time="0.124" /><testcase classname="tests.test_live_tracking.TestTrackingLifecycle" name="test_location_rejects_non_assigned_user_403" time="0.135" /><testcase classname="tests.test_live_tracking.TestPrivacyLeak" name="test_regular_job_get_strips_cleaner_locations" time="0.216" /><testcase classname="tests.test_live_tracking.TestFleetLive" name="test_cleaner_forbidden" time="0.102" /><testcase classname="tests.test_live_tracking.TestFleetLive" name="test_owner_sees_their_jobs_with_live_cleaners" time="0.189" /><testcase classname="tests.test_live_tracking.TestFleetLive" name="test_other_owner_does_not_see_first_owners_jobs" time="0.216" /><testcase classname="tests.test_live_tracking.TestCompleteEndsTracking" name="test_complete_sets_tracking_false_and_removes_from_fleet_live" time="1.650" /></testsuite></testsuites>