<?xml version="1.0" encoding="utf-8"?><testsuites name="pytest tests"><testsuite name="pytest" errors="0" failures="0" skipped="0" tests="12" time="2.543" timestamp="2026-06-29T04:23:24.467335+00:00" hostname="agent-env-9c4c2a6e-c2cf-4c81-81c6-42c17a5ffb17"><testcase classname="backend.tests.test_marketplace_access.TestCreateCleaner" name="test_owner_creates_employer_cleaner" time="0.392" /><testcase classname="backend.tests.test_marketplace_access.TestCreateCleaner" name="test_non_owner_blocked_403" time="0.198" /><testcase classname="backend.tests.test_marketplace_access.TestCreateCleaner" name="test_duplicate_email_409" time="0.100" /><testcase classname="backend.tests.test_marketplace_access.TestEmployerCleanerScope" name="test_available_only_employer_jobs" time="0.230" /><testcase classname="backend.tests.test_marketplace_access.TestEmployerCleanerScope" name="test_driver_offers_only_employer_jobs" time="0.104" /><testcase classname="backend.tests.test_marketplace_access.TestEmployerCleanerScope" name="test_get_nonemployer_job_403" time="0.886" /><testcase classname="backend.tests.test_marketplace_access.TestIndependentCap" name="test_available_capped_at_5" time="0.105" /><testcase classname="backend.tests.test_marketplace_access.TestIndependentCap" name="test_driver_offers_capped_at_5" time="0.095" /><testcase classname="backend.tests.test_marketplace_access.TestOwnerUnaffected" name="test_owner_scope_mine" time="0.099" /><testcase classname="backend.tests.test_marketplace_access.TestRegression" name="test_owner_login" time="0.099" /><testcase classname="backend.tests.test_marketplace_access.TestRegression" name="test_cleaner_login" time="0.092" /><testcase classname="backend.tests.test_marketplace_access.TestRegression" name="test_guest_login" time="0.107" /></testsuite></testsuites>