<?xml version="1.0" encoding="utf-8"?><testsuites name="pytest tests"><testsuite name="pytest" errors="0" failures="0" skipped="0" tests="30" time="5.649" timestamp="2026-06-23T06:36:21.883584+00:00" hostname="agent-env-9c4c2a6e-c2cf-4c81-81c6-42c17a5ffb17"><testcase classname="backend.tests.test_auto_abodes.TestAuth" name="test_register_company_owner" time="0.120" /><testcase classname="backend.tests.test_auto_abodes.TestAuth" name="test_register_cleaner" time="0.096" /><testcase classname="backend.tests.test_auto_abodes.TestAuth" name="test_register_client" time="0.088" /><testcase classname="backend.tests.test_auto_abodes.TestAuth" name="test_register_owner_cleaner" time="0.089" /><testcase classname="backend.tests.test_auto_abodes.TestAuth" name="test_register_duplicate" time="0.095" /><testcase classname="backend.tests.test_auto_abodes.TestAuth" name="test_login_returns_token_and_user" time="0.089" /><testcase classname="backend.tests.test_auto_abodes.TestAuth" name="test_login_bad_password" time="0.092" /><testcase classname="backend.tests.test_auto_abodes.TestAuth" name="test_me_with_bearer" time="0.095" /><testcase classname="backend.tests.test_auto_abodes.TestAuth" name="test_me_unauthorized" time="0.097" /><testcase classname="backend.tests.test_auto_abodes.TestAdmin" name="test_admin_auto_upgrade" time="0.187" /><testcase classname="backend.tests.test_auto_abodes.TestSubscription" name="test_upgrade_to_pro" time="0.091" /><testcase classname="backend.tests.test_auto_abodes.TestSubscription" name="test_upgrade_to_business" time="0.097" /><testcase classname="backend.tests.test_auto_abodes.TestSubscription" name="test_downgrade_to_free_re_enables_ads" time="0.100" /><testcase classname="backend.tests.test_auto_abodes.TestProfile" name="test_update_cleaner_profile" time="0.186" /><testcase classname="backend.tests.test_auto_abodes.TestJobs" name="test_cleaner_cannot_post_job" time="0.101" /><testcase classname="backend.tests.test_auto_abodes.TestJobs" name="test_owner_creates_job" time="0.094" /><testcase classname="backend.tests.test_auto_abodes.TestJobs" name="test_owner_creates_job_no_quals" time="0.091" /><testcase classname="backend.tests.test_auto_abodes.TestJobs" name="test_owner_creates_high_qual_job" time="0.095" /><testcase classname="backend.tests.test_auto_abodes.TestJobs" name="test_scope_mine" time="0.095" /><testcase classname="backend.tests.test_auto_abodes.TestJobs" name="test_scope_available_filters_by_qualifications" time="0.104" /><testcase classname="backend.tests.test_auto_abodes.TestJobs" name="test_cleaner_without_quals_cannot_apply" time="0.106" /><testcase classname="backend.tests.test_auto_abodes.TestJobs" name="test_cleaner_auto_accept_assigns" time="0.181" /><testcase classname="backend.tests.test_auto_abodes.TestJobs" name="test_apply_then_assign_manual" time="0.484" /><testcase classname="backend.tests.test_auto_abodes.TestJobs" name="test_scope_assigned" time="0.089" /><testcase classname="backend.tests.test_auto_abodes.TestJobs" name="test_checkin_only_assigned" time="0.182" /><testcase classname="backend.tests.test_auto_abodes.TestJobs" name="test_complete_fails_when_incomplete" time="0.108" /><testcase classname="backend.tests.test_auto_abodes.TestJobs" name="test_checklist_and_complete" time="1.644" /><testcase classname="backend.tests.test_auto_abodes.TestJobs" name="test_stats_reflects_logged_hours" time="0.097" /><testcase classname="backend.tests.test_auto_abodes.TestChat" name="test_create_conversation_and_messages" time="0.496" /><testcase classname="backend.tests.test_auto_abodes.TestUsers" name="test_list_users_excludes_self" time="0.091" /></testsuite></testsuites>