<?xml version="1.0" encoding="utf-8"?><testsuites name="pytest tests"><testsuite name="pytest" errors="0" failures="0" skipped="0" tests="14" time="5.168" timestamp="2026-06-23T07:31:17.755018+00:00" hostname="agent-env-9c4c2a6e-c2cf-4c81-81c6-42c17a5ffb17"><testcase classname="backend.tests.test_reviews.TestReviewValidation" name="test_review_blocked_when_job_not_completed" time="1.292" /><testcase classname="backend.tests.test_reviews.TestReviewValidation" name="test_complete_job_via_status_endpoint" time="0.198" /><testcase classname="backend.tests.test_reviews.TestReviewValidation" name="test_review_blocked_for_non_poster" time="0.103" /><testcase classname="backend.tests.test_reviews.TestReviewValidation" name="test_review_blocked_for_unassigned_cleaner" time="0.096" /><testcase classname="backend.tests.test_reviews.TestReviewValidation" name="test_review_rating_out_of_range" time="0.409" /><testcase classname="backend.tests.test_reviews.TestReviewValidation" name="test_review_requires_auth" time="0.123" /><testcase classname="backend.tests.test_reviews.TestReviewHappyPath" name="test_first_review_updates_aggregate" time="0.106" /><testcase classname="backend.tests.test_reviews.TestReviewHappyPath" name="test_second_review_same_triplet_is_upsert_not_duplicate" time="0.099" /><testcase classname="backend.tests.test_reviews.TestReviewHappyPath" name="test_reviews_endpoint_returns_payload_shape" time="0.103" /><testcase classname="backend.tests.test_reviews.TestReviewHappyPath" name="test_two_distinct_reviewers_average" time="1.093" /><testcase classname="backend.tests.test_reviews.TestAggregateExposed" name="test_users_list_includes_rating_fields" time="0.095" /><testcase classname="backend.tests.test_reviews.TestAggregateExposed" name="test_get_job_assigned_cleaners_info_has_rating" time="0.093" /><testcase classname="backend.tests.test_reviews.TestAggregateExposed" name="test_get_job_applicants_info_has_rating" time="0.451" /><testcase classname="backend.tests.test_reviews.TestEndToEnd" name="test_full_owner_post_cleaner_apply_complete_review_flow" time="0.857" /></testsuite></testsuites>