<?xml version="1.0" encoding="utf-8"?><testsuites name="pytest tests"><testsuite name="pytest" errors="0" failures="0" skipped="0" tests="10" time="4.893" timestamp="2026-06-24T00:02:33.427993+00:00" hostname="agent-env-9c4c2a6e-c2cf-4c81-81c6-42c17a5ffb17"><testcase classname="tests.test_round7_features.TestMetrics" name="test_metrics_cleaner_forbidden" time="0.217" /><testcase classname="tests.test_round7_features.TestMetrics" name="test_metrics_owner_ok" time="0.208" /><testcase classname="tests.test_round7_features.TestActivity" name="test_activity_owner_returns_list" time="0.115" /><testcase classname="tests.test_round7_features.TestActivity" name="test_activity_appended_on_create_job" time="2.276" /><testcase classname="tests.test_round7_features.TestAddon" name="test_addon_unauthorized_random_user_forbidden" time="0.110" /><testcase classname="tests.test_round7_features.TestAddon" name="test_addon_poster_can_add_and_logs_activity" time="0.298" /><testcase classname="tests.test_round7_features.TestMatchScore" name="test_applicants_info_has_match_score_sorted_desc" time="0.205" /><testcase classname="tests.test_round7_features.TestBilling" name="test_business_checkout_url_returned_and_amount_9900" time="0.780" /><testcase classname="tests.test_round7_features.TestBilling" name="test_pro_checkout_url_returned" time="0.548" /><testcase classname="tests.test_round7_features.TestBilling" name="test_checkout_invalid_tier_rejected" time="0.100" /></testsuite></testsuites>