<?xml version="1.0" encoding="utf-8"?><testsuites name="pytest tests"><testsuite name="pytest" errors="0" failures="0" skipped="0" tests="16" time="4.568" timestamp="2026-06-23T06:48:28.490582+00:00" hostname="agent-env-9c4c2a6e-c2cf-4c81-81c6-42c17a5ffb17"><testcase classname="backend.tests.test_round2_features.TestGeocoding" name="test_geocode_known_address" time="0.697" /><testcase classname="backend.tests.test_round2_features.TestGeocoding" name="test_geocode_unknown_address" time="0.247" /><testcase classname="backend.tests.test_round2_features.TestGeocoding" name="test_post_job_auto_geocodes" time="0.177" /><testcase classname="backend.tests.test_round2_features.TestJobStatus" name="test_status_in_progress_sets_checked_in" time="0.610" /><testcase classname="backend.tests.test_round2_features.TestJobStatus" name="test_status_completed_sets_completed_at" time="0.097" /><testcase classname="backend.tests.test_round2_features.TestJobStatus" name="test_status_cancelled" time="0.291" /><testcase classname="backend.tests.test_round2_features.TestJobStatus" name="test_status_non_poster_403" time="0.245" /><testcase classname="backend.tests.test_round2_features.TestJobStatus" name="test_status_admin_can_override" time="0.286" /><testcase classname="backend.tests.test_round2_features.TestJobStatus" name="test_status_invalid_value" time="0.262" /><testcase classname="backend.tests.test_round2_features.TestDeleteJob" name="test_delete_by_non_poster_403" time="0.356" /><testcase classname="backend.tests.test_round2_features.TestDeleteJob" name="test_delete_by_poster" time="0.395" /><testcase classname="backend.tests.test_round2_features.TestDeleteJob" name="test_delete_by_admin" time="0.369" /><testcase classname="backend.tests.test_round2_features.TestTeams" name="test_create_team" time="0.090" /><testcase classname="backend.tests.test_round2_features.TestTeams" name="test_my_teams_lists_with_members_info" time="0.096" /><testcase classname="backend.tests.test_round2_features.TestTeams" name="test_add_member" time="0.213" /><testcase classname="backend.tests.test_round2_features.TestTeams" name="test_add_member_non_owner_403" time="0.095" /></testsuite></testsuites>