<?xml version="1.0" encoding="utf-8"?><testsuites name="pytest tests"><testsuite name="pytest" errors="0" failures="0" skipped="0" tests="11" time="3.428" timestamp="2026-06-24T00:55:27.416979+00:00" hostname="agent-env-9c4c2a6e-c2cf-4c81-81c6-42c17a5ffb17"><testcase classname="tests.test_round8_reconcile_beta.TestReconcile" name="test_reconcile_owner_shape" time="0.218" /><testcase classname="tests.test_round8_reconcile_beta.TestReconcile" name="test_reconcile_payroll_by_cleaner_has_casey" time="0.184" /><testcase classname="tests.test_round8_reconcile_beta.TestReconcile" name="test_reconcile_revenue_by_job_shape" time="0.180" /><testcase classname="tests.test_round8_reconcile_beta.TestReconcile" name="test_reconcile_cleaner_role_forbidden" time="0.168" /><testcase classname="tests.test_round8_reconcile_beta.TestMarkPaidFlow" name="test_cleaner_cannot_mark_paid" time="0.363" /><testcase classname="tests.test_round8_reconcile_beta.TestMarkPaidFlow" name="test_owner_mark_paid_shifts_owed_to_paid_and_metrics_drops" time="0.489" /><testcase classname="tests.test_round8_reconcile_beta.TestMarkPaidFlow" name="test_mark_paid_404_unknown" time="0.205" /><testcase classname="tests.test_round8_reconcile_beta.TestBetaPricing" name="test_pro_checkout_returns_url" time="0.833" /><testcase classname="tests.test_round8_reconcile_beta.TestBetaPricing" name="test_business_checkout_returns_url" time="0.568" /><testcase classname="tests.test_round8_reconcile_beta.TestBetaPricing" name="test_invalid_tier_rejected" time="0.173" /><testcase classname="tests.test_round8_reconcile_beta.TestBetaPricing" name="test_tier_pricing_constants" time="0.000" /></testsuite></testsuites>