<?xml version="1.0" encoding="utf-8"?><testsuites name="pytest tests"><testsuite name="pytest" errors="0" failures="0" skipped="0" tests="26" time="4.745" timestamp="2026-06-23T08:37:39.660957+00:00" hostname="agent-env-9c4c2a6e-c2cf-4c81-81c6-42c17a5ffb17"><testcase classname="tests.test_round5_session.TestDriverMode" name="test_driver_status_online" time="0.211" /><testcase classname="tests.test_round5_session.TestDriverMode" name="test_driver_earnings_shape" time="0.088" /><testcase classname="tests.test_round5_session.TestDriverMode" name="test_driver_offers_returns_nearby" time="0.113" /><testcase classname="tests.test_round5_session.TestDriverMode" name="test_owner_cannot_view_offers" time="0.194" /><testcase classname="tests.test_round5_session.TestDriverMode" name="test_driver_decline_hides_offer" time="0.803" /><testcase classname="tests.test_round5_session.TestDriverMode" name="test_grab_atomic_409_on_second" time="0.300" /><testcase classname="tests.test_round5_session.TestDriverMode" name="test_driver_status_offline" time="0.096" /><testcase classname="tests.test_round5_session.TestClientList" name="test_owner_clients_grouped" time="0.096" /><testcase classname="tests.test_round5_session.TestClientList" name="test_cleaner_sees_companies" time="0.099" /><testcase classname="tests.test_round5_session.TestClientList" name="test_notes_upsert_persists" time="0.292" /><testcase classname="tests.test_round5_session.TestOnboarding" name="test_owner_creates_quiz" time="0.094" /><testcase classname="tests.test_round5_session.TestOnboarding" name="test_owner_creates_doc" time="0.093" /><testcase classname="tests.test_round5_session.TestOnboarding" name="test_cleaner_blocked_from_creating" time="0.103" /><testcase classname="tests.test_round5_session.TestOnboarding" name="test_cleaner_list_hides_answers" time="0.093" /><testcase classname="tests.test_round5_session.TestOnboarding" name="test_owner_list_shows_answers" time="0.098" /><testcase classname="tests.test_round5_session.TestOnboarding" name="test_cleaner_complete_quiz_scoring" time="0.096" /><testcase classname="tests.test_round5_session.TestOnboarding" name="test_cleaner_complete_doc" time="0.094" /><testcase classname="tests.test_round5_session.TestOnboarding" name="test_list_reflects_progress" time="0.092" /><testcase classname="tests.test_round5_session.TestFeedbackLinks" name="test_owner_can_generate_link" time="0.982" /><testcase classname="tests.test_round5_session.TestFeedbackLinks" name="test_non_owner_cannot_generate_link" time="0.093" /><testcase classname="tests.test_round5_session.TestFeedbackLinks" name="test_public_get_no_auth" time="0.101" /><testcase classname="tests.test_round5_session.TestFeedbackLinks" name="test_public_get_invalid_token" time="0.090" /><testcase classname="tests.test_round5_session.TestFeedbackLinks" name="test_public_post_submit" time="0.093" /><testcase classname="tests.test_round5_session.TestFeedbackLinks" name="test_public_get_reflects_submission" time="0.091" /><testcase classname="tests.test_round5_session.TestFeedbackLinks" name="test_job_detail_has_client_feedback" time="0.096" /><testcase classname="tests.test_round5_session.TestFeedbackLinks" name="test_rating_validation_out_of_range" time="0.089" /></testsuite></testsuites>